<?xml version="1.0" encoding="UTF-8"?>
<testsuite xmlns:xsi="http://www.w3.org/2001/XMLSchema-instance" xsi:noNamespaceSchemaLocation="https://maven.apache.org/surefire/maven-surefire-plugin/xsd/surefire-test-report-3.0.xsd" version="3.0" name="tests.CriticalPathTest" time="25.489" tests="1" errors="0" skipped="0" failures="0">
  <properties>
[...]
</properties>
  <testcase name="testCriticalUserJourney[istanbul, ankara, 05.06.2026, 12.06.2026](1)" classname="tests.CriticalPathTest" time="23.395">
    <system-out><![CDATA[22:19:53.684 [main] INFO  utils.ConfigReader - Configuration loaded successfully
22:19:53.947 [main] INFO  i.g.bonigarcia.wdm.WebDriverManager - Using chromedriver 148.0.7778.97 (resolved driver for Chrome 148)
22:19:53.960 [main] INFO  i.g.bonigarcia.wdm.WebDriverManager - Exporting webdriver.chrome.driver as C:\Users\user\.cache\selenium\chromedriver\win64\148.0.7778.97\chromedriver.exe
22:19:53.963 [main] INFO  utils.DriverFactory - Starting Chrome (headless=false)
22:19:54.754 [main] INFO  listeners.TestListener - STARTING: tests.CriticalPathTest.testCriticalUserJourney (attempt 1)
22:19:56.053 [main] INFO  pages.HomePage - Opened https://www.enuygun.com
22:19:57.538 [main] INFO  pages.HomePage - Cookie popup dismissed
22:19:57.620 [main] INFO  pages.HomePage - Round-trip selected
22:19:58.419 [main] INFO  pages.HomePage - Origin set to <b>istanbul</b>
22:19:59.113 [main] INFO  pages.HomePage - Destination set to <b>ankara</b>
22:19:59.303 [main] INFO  pages.HomePage - Departure date set to <b>05.06.2026</b>
22:19:59.479 [main] INFO  pages.HomePage - Return date set to <b>12.06.2026</b>
22:19:59.628 [main] INFO  pages.HomePage - Search button clicked
22:20:01.532 [main] INFO  pages.HomePage - Switched to results tab: https://www.enuygun.com/ucak-bileti/arama/istanbul-ankara-esenboga-havalimani-ista-esb/?gidis=05.06.2026&donus=12.06.2026&yetiskin=1&sinif=ekonomi&currency=TRY&save=1&ref=homepage&geotrip=domestic&trip=domestic
22:20:01.534 [main] INFO  pages.SearchResultsPage - Waiting for results page...
22:20:01.580 [main] INFO  pages.SearchResultsPage - Results page URL detected
22:20:04.945 [main] INFO  pages.SearchResultsPage - Flight results loaded (<b>155 flights</b>)
22:20:04.973 [main] INFO  pages.SearchResultsPage - Route check — origin <b>istanbul</b>: true, destination <b>ankara</b>: true
22:20:05.384 [main] INFO  pages.SearchResultsPage - Selected first flight — airline: <b>Pegasus</b>, price: <b>1540.0 TL</b>
22:20:05.802 [main] INFO  pages.SearchResultsPage - Clicked <b>'Seç ve ilerle'</b> on departure flight
22:20:05.856 [main] INFO  pages.SearchResultsPage - Return-flight selection step is rendered
22:20:05.955 [main] INFO  pages.SearchResultsPage - Selected first return flight
22:20:06.487 [main] INFO  pages.SearchResultsPage - Return-flight confirmation step is rendered
22:20:06.581 [main] INFO  pages.SearchResultsPage - Clicked <b>'Seç ve ilerle'</b> on return flight
22:20:18.148 [main] INFO  pages.SearchResultsPage - URL transition check: page changed
]]></system-out>
    <system-err><![CDATA[May 06, 2026 10:19:54 PM org.openqa.selenium.devtools.CdpVersionFinder findNearestMatch
WARNING: Unable to find CDP implementation matching 148
May 06, 2026 10:19:54 PM org.openqa.selenium.chromium.ChromiumDriver lambda$new$5
WARNING: Unable to find version of CDP to use for 148.0.7778.96. You may need to include a dependency on a specific version of the CDP using something similar to `org.seleniumhq.selenium:selenium-devtools-v86:4.21.0` where the version ("v86") matches the version of the chromium-based browser you're using and the version number of the artifact is the same as Selenium's.
]]></system-err>
  </testcase>
</testsuite>