<?xml version="1.0" encoding="UTF-8"?>
<!-- Generated by org.testng.reporters.JUnitXMLReporter -->
<testsuite ignored="0" hostname="CanKocaPC" failures="1" tests="1" name="Chrome - Critical Path" time="46.253" errors="0" timestamp="2026-05-06T22:05:37 TRT">
  <testcase classname="tests.CriticalPathTest" name="testCriticalUserJourney" time="45.446">
    <failure type="java.lang.AssertionError" message="Round-trip selection should transition to booking step (URL change or booking container visible). expected [true] but found [false]">
      <![CDATA[java.lang.AssertionError: Round-trip selection should transition to booking step (URL change or booking container visible). expected [true] but found [false]
at tests.CriticalPathTest.testCriticalUserJourney(CriticalPathTest.java:88)
at java.base/java.util.ArrayList.forEach(ArrayList.java:1596)
... Removed 32 stack frames]]>
    </failure>
  </testcase> <!-- testCriticalUserJourney -->
</testsuite> <!-- Chrome - Critical Path -->
