<?xml version="1.0" encoding="UTF-8"?>
<!-- Generated by org.testng.reporters.JUnitXMLReporter -->
<testsuite ignored="0" hostname="CanKocaPC" failures="2" tests="2" name="Chrome - Flight Search" time="41.598" errors="0" timestamp="2026-05-06T22:03:49 TRT">
  <testcase classname="tests.FlightSearchTest" name="testBasicFlightSearchWithTimeFilter" time="21.183">
    <failure type="java.lang.AssertionError" message="All displayed flights should have departure AND arrival between 10:00 and 18:00. Departure times found: [14:10, 15:05, 11:00, 10:00, 16:00, 18:00, 13:00, 14:00, 15:00, 11:00, 16:00, 18:00] expected [true] but found [false]">
      <![CDATA[java.lang.AssertionError: All displayed flights should have departure AND arrival between 10:00 and 18:00. Departure times found: [14:10, 15:05, 11:00, 10:00, 16:00, 18:00, 13:00, 14:00, 15:00, 11:00, 16:00, 18:00] expected [true] but found [false]
at tests.FlightSearchTest.testBasicFlightSearchWithTimeFilter(FlightSearchTest.java:57)
at java.base/java.util.ArrayList.forEach(ArrayList.java:1596)
... Removed 32 stack frames]]>
    </failure>
  </testcase> <!-- testBasicFlightSearchWithTimeFilter -->
  <testcase classname="tests.FlightSearchTest" name="testBasicFlightSearchWithTimeFilter" time="17.554">
    <failure type="java.lang.AssertionError" message="All displayed flights should have departure AND arrival between 10:00 and 18:00. Departure times found: [16:50, 10:00, 11:00, 13:00, 15:00, 16:00, 17:00, 18:00, 14:00, 12:10, 16:35, 17:35, 14:35, 15:50, 12:00, 10:00, 17:55] expected [true] but found [false]">
      <![CDATA[java.lang.AssertionError: All displayed flights should have departure AND arrival between 10:00 and 18:00. Departure times found: [16:50, 10:00, 11:00, 13:00, 15:00, 16:00, 17:00, 18:00, 14:00, 12:10, 16:35, 17:35, 14:35, 15:50, 12:00, 10:00, 17:55] expected [true] but found [false]
at tests.FlightSearchTest.testBasicFlightSearchWithTimeFilter(FlightSearchTest.java:57)
at java.base/java.util.ArrayList.forEach(ArrayList.java:1596)
... Removed 32 stack frames]]>
    </failure>
  </testcase> <!-- testBasicFlightSearchWithTimeFilter -->
</testsuite> <!-- Chrome - Flight Search -->
